e:\steerlitedev\steerlite-dev\steersim\build\win32\release\commandlineenginedriver.obj
e:\steerlitedev\steerlite-dev\steersim\build\win32\release\glwidget.obj
e:\steerlitedev\steerlite-dev\steersim\build\win32\release\moc_globaleventfilter.obj
e:\steerlitedev\steerlite-dev\steersim\build\win32\release\consolewidget.obj
e:\steerlitedev\steerlite-dev\steersim\build\win32\release\moc_modulemanagerwidget.obj
e:\steerlitedev\steerlite-dev\steersim\build\win32\release\modulemanagerwidget.obj
e:\steerlitedev\steerlite-dev\steersim\build\win32\release\moc_qtenginecontroller.obj
e:\steerlitedev\steerlite-dev\steersim\build\win32\release\clockwidget.obj
e:\steerlitedev\steerlite-dev\steersim\build\win32\release\moc_recfileplayerwidget.obj
e:\steerlitedev\steerlite-dev\steersim\build\win32\release\qtenginecontroller.obj
e:\steerlitedev\steerlite-dev\steersim\build\win32\release\moc_consolewidget.obj
e:\steerlitedev\steerlite-dev\steersim\build\win32\release\qtenginedriver.obj
e:\steerlitedev\steerlite-dev\steersim\build\win32\release\moc_glwidget.obj
e:\steerlitedev\steerlite-dev\steersim\build\win32\release\glfwenginedriver.obj
e:\steerlitedev\steerlite-dev\steersim\build\win32\release\testcaseplayerwidget.obj
e:\steerlitedev\steerlite-dev\steersim\build\win32\release\moc_clockwidget.obj
e:\steerlitedev\steerlite-dev\steersim\build\win32\release\globaleventfilter.obj
e:\steerlitedev\steerlite-dev\steersim\build\win32\release\moc_testcaseplayerwidget.obj
e:\steerlitedev\steerlite-dev\steersim\build\win32\release\main.obj
e:\steerlitedev\steerlite-dev\steersim\build\win32\release\recfileplayerwidget.obj
e:\steerlitedev\steerlite-dev\steersim\build\win32\release\vc140.pdb
e:\steerlitedev\steerlite-dev\steersim\build\autogenerated\moc_clockwidget.cpp
e:\steerlitedev\steerlite-dev\steersim\build\autogenerated\moc_consolewidget.cpp
e:\steerlitedev\steerlite-dev\steersim\build\autogenerated\moc_globaleventfilter.cpp
e:\steerlitedev\steerlite-dev\steersim\build\autogenerated\moc_glwidget.cpp
e:\steerlitedev\steerlite-dev\steersim\build\autogenerated\moc_modulemanagerwidget.cpp
e:\steerlitedev\steerlite-dev\steersim\build\autogenerated\moc_qtenginecontroller.cpp
e:\steerlitedev\steerlite-dev\steersim\build\autogenerated\moc_recfileplayerwidget.cpp
e:\steerlitedev\steerlite-dev\steersim\build\autogenerated\moc_testcaseplayerwidget.cpp
e:\steerlitedev\steerlite-dev\build\win32\release\steersim.exe
e:\steerlitedev\steerlite-dev\build\win32\release\steersim.ipdb
e:\steerlitedev\steerlite-dev\build\win32\release\steersim.iobj
e:\steerlitedev\steerlite-dev\build\win32\release\steersim.lib
e:\steerlitedev\steerlite-dev\build\win32\release\steersim.exp
e:\steerlitedev\steerlite-dev\steersim\build\win32\release\steersim.tlog\cl.command.1.tlog
e:\steerlitedev\steerlite-dev\steersim\build\win32\release\steersim.tlog\cl.read.1.tlog
e:\steerlitedev\steerlite-dev\steersim\build\win32\release\steersim.tlog\cl.write.1.tlog
e:\steerlitedev\steerlite-dev\steersim\build\win32\release\steersim.tlog\custombuild.command.1.tlog
e:\steerlitedev\steerlite-dev\steersim\build\win32\release\steersim.tlog\custombuild.read.1.tlog
e:\steerlitedev\steerlite-dev\steersim\build\win32\release\steersim.tlog\custombuild.write.1.tlog
e:\steerlitedev\steerlite-dev\steersim\build\win32\release\steersim.tlog\link.command.1.tlog
e:\steerlitedev\steerlite-dev\steersim\build\win32\release\steersim.tlog\link.read.1.tlog
e:\steerlitedev\steerlite-dev\steersim\build\win32\release\steersim.tlog\link.write.1.tlog
e:\steerlitedev\steerlite-dev\steersim\build\win32\release\steersim.tlog\steersim.write.1u.tlog
