e:\steerlitedev\steerlite-dev\steerlib\build\win32\release\compositetechniqueple.obj
e:\steerlitedev\steerlite-dev\steerlib\build\win32\release\recfilereader.obj
e:\steerlitedev\steerlite-dev\steerlib\build\win32\release\simulationrecordermodule.obj
e:\steerlitedev\steerlite-dev\steerlib\build\win32\release\behaviorparameter.obj
e:\steerlitedev\steerlite-dev\steerlib\build\win32\release\commandlineparser.obj
e:\steerlitedev\steerlite-dev\steerlib\build\win32\release\misc.obj
e:\steerlitedev\steerlite-dev\steerlib\build\win32\release\steeringcommand.obj
e:\steerlitedev\steerlite-dev\steerlib\build\win32\release\ticpp.obj
e:\steerlitedev\steerlite-dev\steerlib\build\win32\release\benchmarkengine.obj
e:\steerlitedev\steerlite-dev\steerlib\build\win32\release\testcasewriter.obj
e:\steerlitedev\steerlite-dev\steerlib\build\win32\release\curve.obj
e:\steerlitedev\steerlite-dev\steerlib\build\win32\release\highrescounter.obj
e:\steerlitedev\steerlite-dev\steerlib\build\win32\release\camera.obj
e:\steerlitedev\steerlite-dev\steerlib\build\win32\release\circleobstacle.obj
e:\steerlitedev\steerlite-dev\steerlib\build\win32\release\griddatabase2d.obj
e:\steerlitedev\steerlite-dev\steerlib\build\win32\release\testcasereader.obj
e:\steerlitedev\steerlite-dev\steerlib\build\win32\release\tinyxml.obj
e:\steerlitedev\steerlite-dev\steerlib\build\win32\release\compositetechnique02.obj
e:\steerlitedev\steerlite-dev\steerlib\build\win32\release\xmlparser.obj
e:\steerlitedev\steerlite-dev\steerlib\build\win32\release\orientedboxobstacle.obj
e:\steerlitedev\steerlite-dev\steerlib\build\win32\release\compositetechnique01.obj
e:\steerlitedev\steerlite-dev\steerlib\build\win32\release\testcasereaderprivate.obj
e:\steerlitedev\steerlite-dev\steerlib\build\win32\release\tinyxmlerror.obj
e:\steerlitedev\steerlite-dev\steerlib\build\win32\release\behaviour.obj
e:\steerlitedev\steerlite-dev\steerlib\build\win32\release\drawlib.obj
e:\steerlitedev\steerlite-dev\steerlib\build\win32\release\threadedtaskmanager.obj
e:\steerlitedev\steerlite-dev\steerlib\build\win32\release\simulationoptions.obj
e:\steerlitedev\steerlite-dev\steerlib\build\win32\release\orientedwallobstacle.obj
e:\steerlitedev\steerlite-dev\steerlib\build\win32\release\memorymapper.obj
e:\steerlitedev\steerlite-dev\steerlib\build\win32\release\clock.obj
e:\steerlitedev\steerlite-dev\steerlib\build\win32\release\testcaseplayermodule.obj
e:\steerlitedev\steerlite-dev\steerlib\build\win32\release\simulationmetricscollector.obj
e:\steerlitedev\steerlite-dev\steerlib\build\win32\release\performanceprofiler.obj
e:\steerlitedev\steerlite-dev\steerlib\build\win32\release\simulationengine.obj
e:\steerlitedev\steerlite-dev\steerlib\build\win32\release\framesaver.obj
e:\steerlitedev\steerlite-dev\steerlib\build\win32\release\dynamiclibrary.obj
e:\steerlitedev\steerlite-dev\steerlib\build\win32\release\statemachine.obj
e:\steerlitedev\steerlite-dev\steerlib\build\win32\release\boxobstacle.obj
e:\steerlitedev\steerlite-dev\steerlib\build\win32\release\tinystr.obj
e:\steerlitedev\steerlite-dev\steerlib\build\win32\release\tinyxmlparser.obj
e:\steerlitedev\steerlite-dev\steerlib\build\win32\release\agentmetricscollector.obj
e:\steerlitedev\steerlite-dev\steerlib\build\win32\release\recfilewriter.obj
e:\steerlitedev\steerlite-dev\steerlib\build\win32\release\recfileplayermodule.obj
e:\steerlitedev\steerlite-dev\steerlib\build\win32\release\vc140.pdb
e:\steerlitedev\steerlite-dev\build\win32\release\steerlib.dll
e:\steerlitedev\steerlite-dev\build\win32\release\steerlib.ipdb
e:\steerlitedev\steerlite-dev\build\win32\release\steerlib.iobj
e:\steerlitedev\steerlite-dev\build\win32\release\steerlib.lib
e:\steerlitedev\steerlite-dev\build\win32\release\steerlib.exp
e:\steerlitedev\steerlite-dev\steerlib\build\win32\release\steerlib.tlog\cl.command.1.tlog
e:\steerlitedev\steerlite-dev\steerlib\build\win32\release\steerlib.tlog\cl.read.1.tlog
e:\steerlitedev\steerlite-dev\steerlib\build\win32\release\steerlib.tlog\cl.write.1.tlog
e:\steerlitedev\steerlite-dev\steerlib\build\win32\release\steerlib.tlog\link.command.1.tlog
e:\steerlitedev\steerlite-dev\steerlib\build\win32\release\steerlib.tlog\link.read.1.tlog
e:\steerlitedev\steerlite-dev\steerlib\build\win32\release\steerlib.tlog\link.write.1.tlog
e:\steerlitedev\steerlite-dev\steerlib\build\win32\release\steerlib.tlog\steerlib.write.1u.tlog
